<?xml version="1.0" encoding="UTF-8"?>
<testsuite name="HappyNumberTest" tests="1" skipped="0" failures="0" errors="0" timestamp="2019-10-03T06:24:36" hostname="Sushants-MacBook-Pro.local" time="0.001">
  <properties/>
  <testcase name="givenZeroNumber_whenCheck_thenShouldNotBeHappyNumber" classname="HappyNumberTest" time="0.001"/>
  <system-out><![CDATA[]]></system-out>
  <system-err><![CDATA[]]></system-err>
</testsuite>
